<?xml version="1.0" encoding="UTF-8"?>
<testsuite name="ServerTest" tests="1" skipped="0" failures="0" errors="0" timestamp="2024-06-18T11:23:42" hostname="DESKTOP-RVIB8IU" time="0.128">
  <properties/>
  <testcase name="testMultipleClients()" classname="ServerTest" time="0.128"/>
  <system-out><![CDATA[]]></system-out>
  <system-err><![CDATA[]]></system-err>
</testsuite>
